<?xml version="1.0" encoding="UTF-8"?>
<testsuite name="org.apache.commons.dbcp2.TestPStmtPoolingBasicDataSource" time="14.708" tests="52" errors="0" skipped="0" failures="0">
  <properties>
    <property name="java.runtime.name" value="OpenJDK Runtime Environment"/>
    <property name="sun.boot.library.path" value="/usr/lib/jvm/java-8-openjdk-amd64/jre/lib/amd64"/>
    <property name="java.vm.version" value="25.252-b09"/>
    <property name="java.vm.vendor" value="Private Build"/>
    <property name="maven.multiModuleProjectDirectory" value="/home/dbcp"/>
    <property name="java.vendor.url" value="http://java.oracle.com/"/>
    <property name="path.separator" value=":"/>
    <property name="guice.disable.misplaced.annotation.check" value="true"/>
    <property name="java.vm.name" value="OpenJDK 64-Bit Server VM"/>
    <property name="file.encoding.pkg" value="sun.io"/>
    <property name="user.country" value="US"/>
    <property name="sun.java.launcher" value="SUN_STANDARD"/>
    <property name="sun.os.patch.level" value="unknown"/>
    <property name="test" value="TestPStmtPoolingBasicDataSource"/>
    <property name="java.vm.specification.name" value="Java Virtual Machine Specification"/>
    <property name="user.dir" value="/home/dbcp"/>
    <property name="java.runtime.version" value="1.8.0_252-8u252-b09-1~16.04-b09"/>
    <property name="java.awt.graphicsenv" value="sun.awt.X11GraphicsEnvironment"/>
    <property name="java.endorsed.dirs" value="/usr/lib/jvm/java-8-openjdk-amd64/jre/lib/endorsed"/>
    <property name="os.arch" value="amd64"/>
    <property name="java.io.tmpdir" value="/tmp"/>
    <property name="line.separator" value="&#10;"/>
    <property name="java.vm.specification.vendor" value="Oracle Corporation"/>
    <property name="os.name" value="Linux"/>
    <property name="classworlds.conf" value="/usr/share/maven/bin/m2.conf"/>
    <property name="sun.jnu.encoding" value="ANSI_X3.4-1968"/>
    <property name="java.library.path" value="/usr/java/packages/lib/amd64:/usr/lib/x86_64-linux-gnu/jni:/lib/x86_64-linux-gnu:/usr/lib/x86_64-linux-gnu:/usr/lib/jni:/lib:/usr/lib"/>
    <property name="java.specification.name" value="Java Platform API Specification"/>
    <property name="java.class.version" value="52.0"/>
    <property name="sun.management.compiler" value="HotSpot 64-Bit Tiered Compilers"/>
    <property name="os.version" value="4.19.76-linuxkit"/>
    <property name="user.home" value="/root"/>
    <property name="user.timezone" value="Etc/UTC"/>
    <property name="java.awt.printerjob" value="sun.print.PSPrinterJob"/>
    <property name="java.specification.version" value="1.8"/>
    <property name="file.encoding" value="ANSI_X3.4-1968"/>
    <property name="user.name" value="root"/>
    <property name="java.class.path" value="/usr/share/maven/boot/plexus-classworlds-2.x.jar"/>
    <property name="java.vm.specification.version" value="1.8"/>
    <property name="sun.arch.data.model" value="64"/>
    <property name="java.home" value="/usr/lib/jvm/java-8-openjdk-amd64/jre"/>
    <property name="sun.java.command" value="org.codehaus.plexus.classworlds.launcher.Launcher test -Dtest=TestPStmtPoolingBasicDataSource"/>
    <property name="java.specification.vendor" value="Oracle Corporation"/>
    <property name="user.language" value="en"/>
    <property name="awt.toolkit" value="sun.awt.X11.XToolkit"/>
    <property name="java.vm.info" value="mixed mode"/>
    <property name="java.version" value="1.8.0_252"/>
    <property name="java.ext.dirs" value="/usr/lib/jvm/java-8-openjdk-amd64/jre/lib/ext:/usr/java/packages/lib/ext"/>
    <property name="securerandom.source" value="file:/dev/./urandom"/>
    <property name="sun.boot.class.path" value="/usr/lib/jvm/java-8-openjdk-amd64/jre/lib/resources.jar:/usr/lib/jvm/java-8-openjdk-amd64/jre/lib/rt.jar:/usr/lib/jvm/java-8-openjdk-amd64/jre/lib/sunrsasign.jar:/usr/lib/jvm/java-8-openjdk-amd64/jre/lib/jsse.jar:/usr/lib/jvm/java-8-openjdk-amd64/jre/lib/jce.jar:/usr/lib/jvm/java-8-openjdk-amd64/jre/lib/charsets.jar:/usr/lib/jvm/java-8-openjdk-amd64/jre/lib/jfr.jar:/usr/lib/jvm/java-8-openjdk-amd64/jre/classes"/>
    <property name="java.vendor" value="Private Build"/>
    <property name="maven.home" value="/usr/share/maven"/>
    <property name="file.separator" value="/"/>
    <property name="java.vendor.url.bug" value="http://bugreport.sun.com/bugreport/"/>
    <property name="sun.cpu.endian" value="little"/>
    <property name="sun.io.unicode.encoding" value="UnicodeLittle"/>
    <property name="sun.cpu.isalist" value=""/>
  </properties>
  <testcase name="testLRUBehavior" classname="org.apache.commons.dbcp2.TestPStmtPoolingBasicDataSource" time="0.341"/>
  <testcase name="testPreparedStatementPooling" classname="org.apache.commons.dbcp2.TestPStmtPoolingBasicDataSource" time="0.004"/>
  <testcase name="testPStmtPoolingAccrossClose" classname="org.apache.commons.dbcp2.TestPStmtPoolingBasicDataSource" time="0.003"/>
  <testcase name="testPStmtPoolingWithNoClose" classname="org.apache.commons.dbcp2.TestPStmtPoolingBasicDataSource" time="0.003"/>
  <testcase name="testPStmtCatalog" classname="org.apache.commons.dbcp2.TestPStmtPoolingBasicDataSource" time="0.003"/>
  <testcase name="testMultipleThreads1" classname="org.apache.commons.dbcp2.TestPStmtPoolingBasicDataSource" time="10.153"/>
  <testcase name="testEmptyValidationQuery" classname="org.apache.commons.dbcp2.TestPStmtPoolingBasicDataSource" time="0"/>
  <testcase name="testValidationQueryTimoutFail" classname="org.apache.commons.dbcp2.TestPStmtPoolingBasicDataSource" time="0.002"/>
  <testcase name="testSetValidationTestProperties" classname="org.apache.commons.dbcp2.TestPStmtPoolingBasicDataSource" time="0.001"/>
  <testcase name="testRollbackReadOnly" classname="org.apache.commons.dbcp2.TestPStmtPoolingBasicDataSource" time="0.01"/>
  <testcase name="testClose" classname="org.apache.commons.dbcp2.TestPStmtPoolingBasicDataSource" time="0.004"/>
  <testcase name="testPropertyTestOnReturn" classname="org.apache.commons.dbcp2.TestPStmtPoolingBasicDataSource" time="0.009"/>
  <testcase name="testValidationQueryTimeoutSucceed" classname="org.apache.commons.dbcp2.TestPStmtPoolingBasicDataSource" time="0.002"/>
  <testcase name="testMaxTotalZero" classname="org.apache.commons.dbcp2.TestPStmtPoolingBasicDataSource" time="0.104"/>
  <testcase name="testPooling" classname="org.apache.commons.dbcp2.TestPStmtPoolingBasicDataSource" time="0.008"/>
  <testcase name="testValidationQueryTimeoutNegative" classname="org.apache.commons.dbcp2.TestPStmtPoolingBasicDataSource" time="0.003"/>
  <testcase name="testInvalidConnectionInitSql" classname="org.apache.commons.dbcp2.TestPStmtPoolingBasicDataSource" time="0.001"/>
  <testcase name="testSetAutoCommitTrueOnClose" classname="org.apache.commons.dbcp2.TestPStmtPoolingBasicDataSource" time="0.003"/>
  <testcase name="testValidationQueryTimeoutZero" classname="org.apache.commons.dbcp2.TestPStmtPoolingBasicDataSource" time="0.002"/>
  <testcase name="testEmptyInitConnectionSql" classname="org.apache.commons.dbcp2.TestPStmtPoolingBasicDataSource" time="0"/>
  <testcase name="testDriverClassLoader" classname="org.apache.commons.dbcp2.TestPStmtPoolingBasicDataSource" time="0.002"/>
  <testcase name="testInitialSize" classname="org.apache.commons.dbcp2.TestPStmtPoolingBasicDataSource" time="0.004"/>
  <testcase name="testInvalidValidationQuery" classname="org.apache.commons.dbcp2.TestPStmtPoolingBasicDataSource" time="0.001"/>
  <testcase name="testNoAccessToUnderlyingConnectionAllowed" classname="org.apache.commons.dbcp2.TestPStmtPoolingBasicDataSource" time="0.001"/>
  <testcase name="testCreateDataSourceCleanupEvictor" classname="org.apache.commons.dbcp2.TestPStmtPoolingBasicDataSource" time="1.005"/>
  <testcase name="testTransactionIsolationBehavior" classname="org.apache.commons.dbcp2.TestPStmtPoolingBasicDataSource" time="0.001"/>
  <testcase name="testCreateDataSourceCleanupThreads" classname="org.apache.commons.dbcp2.TestPStmtPoolingBasicDataSource" time="0.001"/>
  <testcase name="testDefaultCatalog" classname="org.apache.commons.dbcp2.TestPStmtPoolingBasicDataSource" time="0.006"/>
  <testcase name="testAccessToUnderlyingConnectionAllowed" classname="org.apache.commons.dbcp2.TestPStmtPoolingBasicDataSource" time="0.001"/>
  <testcase name="testSetProperties" classname="org.apache.commons.dbcp2.TestPStmtPoolingBasicDataSource" time="0"/>
  <testcase name="testIsClosedFailure" classname="org.apache.commons.dbcp2.TestPStmtPoolingBasicDataSource" time="0.002"/>
  <testcase name="testThreaded" classname="org.apache.commons.dbcp2.TestPStmtPoolingBasicDataSource" time="2.838"/>
  <testcase name="testCanCloseStatementTwice" classname="org.apache.commons.dbcp2.TestPStmtPoolingBasicDataSource" time="0.002"/>
  <testcase name="testNoRsetClose" classname="org.apache.commons.dbcp2.TestPStmtPoolingBasicDataSource" time="0.002"/>
  <testcase name="testOpening" classname="org.apache.commons.dbcp2.TestPStmtPoolingBasicDataSource" time="0.006"/>
  <testcase name="testCanCloseConnectionTwice" classname="org.apache.commons.dbcp2.TestPStmtPoolingBasicDataSource" time="0.001"/>
  <testcase name="testIsClosed" classname="org.apache.commons.dbcp2.TestPStmtPoolingBasicDataSource" time="0.001"/>
  <testcase name="testCanCloseCallableStatementTwice" classname="org.apache.commons.dbcp2.TestPStmtPoolingBasicDataSource" time="0.005"/>
  <testcase name="testAutoCommitBehavior" classname="org.apache.commons.dbcp2.TestPStmtPoolingBasicDataSource" time="0.003"/>
  <testcase name="testHashing" classname="org.apache.commons.dbcp2.TestPStmtPoolingBasicDataSource" time="0.001"/>
  <testcase name="testCanClosePreparedStatementTwice" classname="org.apache.commons.dbcp2.TestPStmtPoolingBasicDataSource" time="0.007"/>
  <testcase name="testClosing" classname="org.apache.commons.dbcp2.TestPStmtPoolingBasicDataSource" time="0.009"/>
  <testcase name="testPrepareStatementOptions" classname="org.apache.commons.dbcp2.TestPStmtPoolingBasicDataSource" time="0.002"/>
  <testcase name="testBackPointers" classname="org.apache.commons.dbcp2.TestPStmtPoolingBasicDataSource" time="0.007"/>
  <testcase name="testHashCode" classname="org.apache.commons.dbcp2.TestPStmtPoolingBasicDataSource" time="0.002"/>
  <testcase name="testConnectionsAreDistinct" classname="org.apache.commons.dbcp2.TestPStmtPoolingBasicDataSource" time="0.014"/>
  <testcase name="testMaxTotal" classname="org.apache.commons.dbcp2.TestPStmtPoolingBasicDataSource" time="0.108"/>
  <testcase name="testRepeatedBorrowAndReturn" classname="org.apache.commons.dbcp2.TestPStmtPoolingBasicDataSource" time="0.005"/>
  <testcase name="testCanCloseResultSetTwice" classname="org.apache.commons.dbcp2.TestPStmtPoolingBasicDataSource" time="0.005"/>
  <testcase name="testClearWarnings" classname="org.apache.commons.dbcp2.TestPStmtPoolingBasicDataSource" time="0.006"/>
  <testcase name="testSimple2" classname="org.apache.commons.dbcp2.TestPStmtPoolingBasicDataSource" time="0.002"/>
  <testcase name="testSimple" classname="org.apache.commons.dbcp2.TestPStmtPoolingBasicDataSource" time="0.002"/>
</testsuite>